<?xml version="1.0" encoding="UTF-8"?>
<testsuite name="PacienteTest" tests="2" skipped="0" failures="0" errors="0" timestamp="2022-08-25T15:17:11" hostname="DESKTOP-T3TGMPJ" time="0.025">
  <properties/>
  <testcase name="testarIMC()" classname="PacienteTest" time="0.02"/>
  <testcase name="verificarIdade()" classname="PacienteTest" time="0.004"/>
  <system-out><![CDATA[A idade do paciente Ã©: 16 anos
]]></system-out>
  <system-err><![CDATA[]]></system-err>
</testsuite>
